*** Using Compiler 'V5.06 update 2 (build 183)', folder: 'C:\Keil_v5\ARM\ARMCC\Bin'
Rebuild target 'Template'
compiling BSP_Delay.c...
compiling misc.c...
compiling BSP_OLED.c...
compiling BSP_Key.c...
compiling main.c...
compiling BSP_SysTick.c...
compiling BSP_LED.c...
compiling BSP_ExtInt.c...
compiling BSP_ADC.c...
compiling BSP_UART.c...
compiling stm32f10x_adc.c...
compiling BSP_Timer.c...
compiling stm32f10x_it.c...
assembling startup_stm32f10x_hd.s...
compiling stm32f10x_exti.c...
compiling stm32f10x_gpio.c...
compiling stm32f10x_rcc.c...
compiling stm32f10x_tim.c...
compiling stm32f10x_usart.c...
compiling system_stm32f10x.c...
linking...
Program Size: Code=8960 RO-data=2984 RW-data=80 ZI-data=1072  
FromELF: creating hex file...
".\Objects\OLED.axf" - 0 Error(s), 0 Warning(s).
Build Time Elapsed:  00:00:02
